<?xml version="1.0" encoding="UTF-8"?>
<!-- Generated by org.testng.reporters.JUnitReportReporter -->
<testsuite hostname="TIGER04836" failures="0" tests="7" name="TestRunner.WebTestRun" time="88.412" errors="0" timestamp="17 Jun 2024 10:15:35 GMT" skipped="0">
  <testcase classname="TestRunner.WebTestRun" name="runScenario" time="8.598"/>
  <testcase classname="TestRunner.WebTestRun" name="runScenario" time="38.789"/>
  <testcase classname="TestRunner.WebTestRun" name="runScenario" time="12.575"/>
  <testcase classname="TestRunner.WebTestRun" name="runScenario" time="5.917"/>
  <testcase classname="TestRunner.WebTestRun" name="runScenario" time="8.517"/>
  <testcase classname="TestRunner.WebTestRun" name="runScenario" time="8.498"/>
  <testcase classname="TestRunner.WebTestRun" name="runScenario" time="5.518"/>
</testsuite> <!-- TestRunner.WebTestRun -->
