<?xml version="1.0" encoding="UTF-8"?>
<!-- Generated by org.testng.reporters.JUnitReportReporter -->
<testsuite hostname="TIGER04836" failures="0" tests="6" name="TestRunner.TestRun" time="102.807" errors="0" timestamp="2024-06-12T18:16:22 IST" skipped="0">
  <testcase classname="TestRunner.TestRun" name="runScenario" time="3.782"/>
  <testcase classname="TestRunner.TestRun" name="runScenario" time="12.524"/>
  <testcase classname="TestRunner.TestRun" name="runScenario" time="38.131"/>
  <testcase classname="TestRunner.TestRun" name="runScenario" time="37.766"/>
  <testcase classname="TestRunner.TestRun" name="runScenario" time="4.597"/>
  <testcase classname="TestRunner.TestRun" name="runScenario" time="6.007"/>
</testsuite> <!-- TestRunner.TestRun -->
